{"/Users/arieltay/Documents/Node/testing2/app.js":{"path":"/Users/arieltay/Documents/Node/testing2/app.js","s":{"1":1,"2":1,"3":1,"4":1,"5":1,"6":1,"7":1,"8":1,"9":1,"10":1,"11":1,"12":0,"13":1,"14":1,"15":1},"b":{"1":[1,1]},"f":{},"fnMap":{},"statementMap":{"1":{"start":{"line":1,"column":0},"end":{"line":1,"column":34}},"2":{"start":{"line":2,"column":0},"end":{"line":2,"column":21}},"3":{"start":{"line":3,"column":0},"end":{"line":3,"column":37}},"4":{"start":{"line":4,"column":0},"end":{"line":4,"column":32}},"5":{"start":{"line":5,"column":0},"end":{"line":5,"column":41}},"6":{"start":{"line":6,"column":0},"end":{"line":6,"column":41}},"7":{"start":{"line":11,"column":0},"end":{"line":11,"column":22}},"8":{"start":{"line":13,"column":0},"end":{"line":13,"column":26}},"9":{"start":{"line":14,"column":0},"end":{"line":16,"column":3}},"10":{"start":{"line":18,"column":0},"end":{"line":18,"column":20}},"11":{"start":{"line":20,"column":0},"end":{"line":22,"column":2}},"12":{"start":{"line":21,"column":2},"end":{"line":21,"column":44}},"13":{"start":{"line":24,"column":0},"end":{"line":26,"column":2}},"14":{"start":{"line":25,"column":2},"end":{"line":25,"column":42}},"15":{"start":{"line":28,"column":0},"end":{"line":28,"column":20}}},"branchMap":{"1":{"line":3,"type":"binary-expr","locations":[{"start":{"line":3,"column":13},"end":{"line":3,"column":29}},{"start":{"line":3,"column":33},"end":{"line":3,"column":37}}]}}},"/Users/arieltay/Documents/Node/testing2/config/routes.js":{"path":"/Users/arieltay/Documents/Node/testing2/config/routes.js","s":{"1":1,"2":1,"3":1,"4":1,"5":1,"6":3,"7":1,"8":3,"9":1,"10":0,"11":0,"12":0,"13":0,"14":0,"15":1,"16":1,"17":0,"18":0,"19":0,"20":1,"21":1,"22":1,"23":1},"b":{"1":[0,0]},"f":{},"fnMap":{},"statementMap":{"1":{"start":{"line":1,"column":0},"end":{"line":1,"column":34}},"2":{"start":{"line":2,"column":0},"end":{"line":2,"column":31}},"3":{"start":{"line":12,"column":0},"end":{"line":15,"column":50}},"4":{"start":{"line":17,"column":0},"end":{"line":17,"column":47}},"5":{"start":{"line":19,"column":0},"end":{"line":21,"column":2}},"6":{"start":{"line":20,"column":2},"end":{"line":20,"column":33}},"7":{"start":{"line":23,"column":0},"end":{"line":25,"column":2}},"8":{"start":{"line":24,"column":2},"end":{"line":24,"column":52}},"9":{"start":{"line":27,"column":0},"end":{"line":50,"column":2}},"10":{"start":{"line":28,"column":2},"end":{"line":30,"column":3}},"11":{"start":{"line":29,"column":4},"end":{"line":29,"column":41}},"12":{"start":{"line":31,"column":2},"end":{"line":36,"column":4}},"13":{"start":{"line":37,"column":2},"end":{"line":41,"column":3}},"14":{"start":{"line":42,"column":2},"end":{"line":42,"column":26}},"15":{"start":{"line":52,"column":0},"end":{"line":57,"column":2}},"16":{"start":{"line":53,"column":2},"end":{"line":53,"column":47}},"17":{"start":{"line":54,"column":2},"end":{"line":54,"column":51}},"18":{"start":{"line":55,"column":2},"end":{"line":55,"column":53}},"19":{"start":{"line":56,"column":2},"end":{"line":56,"column":52}},"20":{"start":{"line":59,"column":0},"end":{"line":62,"column":2}},"21":{"start":{"line":60,"column":2},"end":{"line":60,"column":69}},"22":{"start":{"line":61,"column":2},"end":{"line":61,"column":40}},"23":{"start":{"line":64,"column":0},"end":{"line":64,"column":23}}},"branchMap":{"1":{"line":28,"type":"if","locations":[{"start":{"line":28,"column":2},"end":{"line":28,"column":2}},{"start":{"line":28,"column":2},"end":{"line":28,"column":2}}]}}}}