{"/Users/arieltay/Documents/Node/testing2/app.js":{"path":"/Users/arieltay/Documents/Node/testing2/app.js","s":{"1":1,"2":1,"3":1,"4":1,"5":1,"6":1,"7":1,"8":1,"9":1,"10":1,"11":1,"12":0,"13":1,"14":1,"15":1},"b":{"1":[1,1]},"f":{},"fnMap":{},"statementMap":{"1":{"start":{"line":1,"column":0},"end":{"line":1,"column":34}},"2":{"start":{"line":2,"column":0},"end":{"line":2,"column":21}},"3":{"start":{"line":3,"column":0},"end":{"line":3,"column":37}},"4":{"start":{"line":4,"column":0},"end":{"line":4,"column":32}},"5":{"start":{"line":5,"column":0},"end":{"line":5,"column":41}},"6":{"start":{"line":6,"column":0},"end":{"line":6,"column":41}},"7":{"start":{"line":11,"column":0},"end":{"line":11,"column":22}},"8":{"start":{"line":13,"column":0},"end":{"line":13,"column":26}},"9":{"start":{"line":14,"column":0},"end":{"line":16,"column":3}},"10":{"start":{"line":18,"column":0},"end":{"line":18,"column":20}},"11":{"start":{"line":20,"column":0},"end":{"line":22,"column":2}},"12":{"start":{"line":21,"column":2},"end":{"line":21,"column":44}},"13":{"start":{"line":24,"column":0},"end":{"line":26,"column":2}},"14":{"start":{"line":25,"column":2},"end":{"line":25,"column":42}},"15":{"start":{"line":28,"column":0},"end":{"line":28,"column":20}}},"branchMap":{"1":{"line":3,"type":"binary-expr","locations":[{"start":{"line":3,"column":13},"end":{"line":3,"column":29}},{"start":{"line":3,"column":33},"end":{"line":3,"column":37}}]}}},"/Users/arieltay/Documents/Node/testing2/config/routes.js":{"path":"/Users/arieltay/Documents/Node/testing2/config/routes.js","s":{"1":1,"2":1,"3":1,"4":1,"5":14,"6":14,"7":14,"8":1,"9":6,"10":1,"11":3,"12":1,"13":3,"14":3,"15":2,"16":1,"17":1,"18":1,"19":1,"20":1,"21":1,"22":1,"23":1,"24":1,"25":1,"26":1},"b":{"1":[2,1]},"f":{},"fnMap":{},"statementMap":{"1":{"start":{"line":1,"column":0},"end":{"line":1,"column":34}},"2":{"start":{"line":2,"column":0},"end":{"line":2,"column":31}},"3":{"start":{"line":4,"column":0},"end":{"line":7,"column":46}},"4":{"start":{"line":9,"column":0},"end":{"line":13,"column":2}},"5":{"start":{"line":10,"column":2},"end":{"line":10,"column":48}},"6":{"start":{"line":11,"column":2},"end":{"line":11,"column":94}},"7":{"start":{"line":12,"column":2},"end":{"line":12,"column":8}},"8":{"start":{"line":16,"column":0},"end":{"line":18,"column":2}},"9":{"start":{"line":17,"column":2},"end":{"line":17,"column":27}},"10":{"start":{"line":21,"column":0},"end":{"line":23,"column":2}},"11":{"start":{"line":22,"column":2},"end":{"line":22,"column":46}},"12":{"start":{"line":26,"column":0},"end":{"line":44,"column":2}},"13":{"start":{"line":27,"column":2},"end":{"line":31,"column":3}},"14":{"start":{"line":33,"column":2},"end":{"line":43,"column":3}},"15":{"start":{"line":34,"column":4},"end":{"line":34,"column":52}},"16":{"start":{"line":36,"column":4},"end":{"line":41,"column":6}},"17":{"start":{"line":42,"column":4},"end":{"line":42,"column":22}},"18":{"start":{"line":47,"column":0},"end":{"line":52,"column":2}},"19":{"start":{"line":48,"column":2},"end":{"line":48,"column":41}},"20":{"start":{"line":49,"column":2},"end":{"line":49,"column":45}},"21":{"start":{"line":50,"column":2},"end":{"line":50,"column":47}},"22":{"start":{"line":51,"column":2},"end":{"line":51,"column":46}},"23":{"start":{"line":55,"column":0},"end":{"line":58,"column":2}},"24":{"start":{"line":56,"column":2},"end":{"line":56,"column":56}},"25":{"start":{"line":57,"column":2},"end":{"line":57,"column":34}},"26":{"start":{"line":59,"column":0},"end":{"line":59,"column":23}}},"branchMap":{"1":{"line":33,"type":"if","locations":[{"start":{"line":33,"column":2},"end":{"line":33,"column":2}},{"start":{"line":33,"column":2},"end":{"line":33,"column":2}}]}}}}