TN:
SF:/Users/arieltay/Documents/Node/testing2/app.js
FNF:0
FNH:0
DA:1,1
DA:2,1
DA:3,1
DA:4,1
DA:5,1
DA:6,1
DA:11,1
DA:13,1
DA:14,1
DA:18,1
DA:20,1
DA:21,0
DA:24,1
DA:25,1
DA:28,1
LF:15
LH:14
BRDA:3,1,0,1
BRDA:3,1,1,1
BRF:2
BRH:2
end_of_record
TN:
SF:/Users/arieltay/Documents/Node/testing2/config/routes.js
FNF:0
FNH:0
DA:1,1
DA:2,1
DA:4,1
DA:9,1
DA:10,14
DA:11,14
DA:12,14
DA:16,1
DA:17,6
DA:21,1
DA:22,3
DA:26,1
DA:27,3
DA:33,3
DA:34,2
DA:36,1
DA:42,1
DA:47,1
DA:48,1
DA:49,1
DA:50,1
DA:51,1
DA:55,1
DA:56,1
DA:57,1
DA:59,1
LF:26
LH:26
BRDA:33,1,0,2
BRDA:33,1,1,1
BRF:2
BRH:2
end_of_record
