TN:
SF:/Users/arieltay/Documents/Node/testing2/app.js
FNF:0
FNH:0
DA:1,1
DA:2,1
DA:3,1
DA:4,1
DA:5,1
DA:6,1
DA:11,1
DA:13,1
DA:14,1
DA:18,1
DA:20,1
DA:21,0
DA:24,1
DA:25,1
DA:28,1
LF:15
LH:14
BRDA:3,1,0,1
BRDA:3,1,1,1
BRF:2
BRH:2
end_of_record
TN:
SF:/Users/arieltay/Documents/Node/testing2/config/routes.js
FNF:0
FNH:0
DA:1,1
DA:2,1
DA:12,1
DA:17,1
DA:19,1
DA:20,3
DA:23,1
DA:24,3
DA:27,1
DA:28,0
DA:29,0
DA:31,0
DA:37,0
DA:42,0
DA:52,1
DA:53,1
DA:54,0
DA:55,0
DA:56,0
DA:59,1
DA:60,1
DA:61,1
DA:64,1
LF:23
LH:15
BRDA:28,1,0,0
BRDA:28,1,1,0
BRF:2
BRH:0
end_of_record
